<?xml version="1.0" encoding="UTF-8"?>
<!-- Generated by org.testng.reporters.JUnitXMLReporter -->
<testsuite ignored="0" hostname="LIN59020914" failures="0" tests="3" name="Test" time="44.672" errors="0" timestamp="2024-08-28T10:30:23 IST">
  <testcase classname="com.testcases.UsabilityTest" name="loginFunctionality" time="7.017"/>
  <testcase classname="com.testcases.UsabilityTest" name="loginFunctionality" time="5.289"/>
  <testcase classname="com.testcases.UsabilityTest" name="loginFunctionality" time="5.897"/>
</testsuite> <!-- Test -->
