<?xml version="1.0" encoding="UTF-8"?>
<!-- Generated by org.testng.reporters.JUnitReportReporter -->
<testsuite hostname="LIN59020914" failures="0" tests="5" name="com.runner.TestRunnerTestNGPOM" time="97.213" errors="1" timestamp="2024-08-27T17:09:40 IST" skipped="0">
  <testcase classname="com.runner.TestRunnerTestNGPOM" name="runScenario" time="21.389"/>
  <testcase classname="com.runner.TestRunnerTestNGPOM" name="runScenario" time="24.424"/>
  <testcase classname="com.runner.TestRunnerTestNGPOM" name="runScenario" time="16.987">
    <error message="Cannot invoke &quot;org.apache.poi.xssf.usermodel.XSSFRow.getCell(int)&quot; because &quot;row&quot; is null" type="java.lang.NullPointerException">
      <![CDATA[java.lang.NullPointerException: Cannot invoke "org.apache.poi.xssf.usermodel.XSSFRow.getCell(int)" because "row" is null
at com.parameters.ExcelCredentialReader.getMyCredentials(ExcelCredentialReader.java:20)
at com.stepdeftestng.LoginStepDef.user_needs_to_get_data_from_and(LoginStepDef.java:124)
at ✽.User needs to get data from  0 and 3(file:///C:/Users/medjoshi/CFMG_June_2024/pom-demo/src/test/resources/features/login.feature:39)
]]>
    </error>
  </testcase> <!-- runScenario -->
  <testcase classname="com.runner.TestRunnerTestNGPOM" name="runScenario" time="17.503"/>
  <testcase classname="com.runner.TestRunnerTestNGPOM" name="runScenario" time="16.910"/>
</testsuite> <!-- com.runner.TestRunnerTestNGPOM -->
